<?xml version="1.0" encoding="UTF-8"?>
<!-- Generated by org.testng.reporters.JUnitReportReporter -->
<testsuite hostname="VenkatSai" failures="0" tests="4" name="Test.TestNG1.AppTest" time="16.917" errors="0" timestamp="2025-04-09T17:25:16 IST" skipped="0">
  <testcase classname="Test.TestNG1.AppTest" name="openapp" time="11.462"/>
  <testcase classname="Test.TestNG1.AppTest" name="logo" time="3.053"/>
  <testcase classname="Test.TestNG1.AppTest" name="login" time="2.270"/>
  <testcase classname="Test.TestNG1.AppTest" name="closeapp" time="0.132"/>
</testsuite> <!-- Test.TestNG1.AppTest -->
