<?xml version="1.0" encoding="UTF-8"?>
<!-- Generated by org.testng.reporters.JUnitReportReporter -->
<testsuite hostname="VenkatSai" failures="0" tests="4" name="SAITG.Ohrm" time="9.944" errors="0" timestamp="2025-04-10T15:30:01 IST" skipped="0">
  <testcase classname="SAITG.Ohrm" name="openApp" time="6.674"/>
  <testcase classname="SAITG.Ohrm" name="testLogo" time="3.040"/>
  <testcase classname="SAITG.Ohrm" name="testLogin" time="0.133"/>
  <testcase classname="SAITG.Ohrm" name="close" time="0.097"/>
</testsuite> <!-- SAITG.Ohrm -->
