<?xml version="1.0" encoding="UTF-8"?>
<!-- Generated by org.testng.reporters.JUnitReportReporter -->
<testsuite hostname="VenkatSai" failures="0" tests="1" name="testng.login" time="0.015" errors="0" timestamp="2025-04-10T10:59:25 IST" skipped="0">
  <testcase classname="testng.login" name="set" time="0.015"/>
</testsuite> <!-- testng.login -->
